<?xml version="1.0" encoding="UTF-8"?>
<testsuite name="TrafficLightTest" tests="1" skipped="0" failures="0" errors="0" timestamp="2023-12-03T22:12:39" hostname="gram-15Z90N" time="0.066">
  <properties/>
  <testcase name="start" classname="TrafficLightTest" time="0.066"/>
  <system-out><![CDATA[?[1;31m
Start test 1?[0m
Welcome to the traffic management system!
Menu:
1. Add
2. Delete
3. System
0. Quit
]]></system-out>
  <system-err><![CDATA[]]></system-err>
</testsuite>
